Running: /opt/Xilinx/14.7/ISE_DS/ISE/bin/lin64/unwrapped/fuse -intstyle ise -incremental -lib unisims_ver -lib unimacro_ver -lib xilinxcorelib_ver -lib secureip -o /home/aarijimam/NUST Material/CSA/Assignment2/Assignment2/datapath_isim_beh.exe -prj /home/aarijimam/NUST Material/CSA/Assignment2/Assignment2/datapath_beh.prj work.datapath work.glbl 
ISim P.20131013 (signature 0xfbc00daa)
Number of CPUs detected in this system: 12
Turning on mult-threading, number of parallel sub-compilation jobs: 24 
Determining compilation order of HDL files
Analyzing Verilog file "/home/aarijimam/NUST Material/CSA/Assignment2/Assignment2/decoder.v" into library work
Analyzing Verilog file "/home/aarijimam/NUST Material/CSA/Assignment2/Assignment2/ALU.v" into library work
Analyzing Verilog file "/home/aarijimam/NUST Material/CSA/Assignment2/Assignment2/DatapathMainModule.v" into library work
Analyzing Verilog file "/opt/Xilinx/14.7/ISE_DS/ISE//verilog/src/glbl.v" into library work
Starting static elaboration
Completed static elaboration
Fuse Memory Usage: 82712 KB
Fuse CPU Usage: 460 ms
Compiling module decoder
Compiling module ALUez
Compiling module datapath
Compiling module glbl
Time Resolution for simulation is 1ps.
Waiting for 1 sub-compilation(s) to finish...
Compiled 4 Verilog Units
Built simulation executable /home/aarijimam/NUST Material/CSA/Assignment2/Assignment2/datapath_isim_beh.exe
Fuse Memory Usage: 1692328 KB
Fuse CPU Usage: 480 ms
GCC CPU Usage: 540 ms
